2019-08-19 00:01:27.860  INFO 7312 --- [Thread-27] o.s.s.concurrent.ThreadPoolTaskExecutor  : Shutting down ExecutorService 'applicationTaskExecutor'
2019-08-19 00:01:27.868  INFO 7312 --- [Thread-27] o.s.s.c.ThreadPoolTaskScheduler          : Shutting down ExecutorService 'taskScheduler'
2019-08-19 00:01:27.875  INFO 7312 --- [Thread-27] org.mongodb.driver.connection            : Closed connection [connectionId{localValue:2, serverValue:160}] to localhost:27017 because the pool has been closed.
2019-08-19 00:01:27.879  INFO 7312 --- [Thread-27] j.LocalContainerEntityManagerFactoryBean : Closing JPA EntityManagerFactory for persistence unit 'default'
2019-08-19 00:01:27.885  INFO 7312 --- [Thread-27] com.zaxxer.hikari.HikariDataSource       : HikariPool-1 - Shutdown initiated...
2019-08-19 00:01:27.942  INFO 7312 --- [Thread-27] com.zaxxer.hikari.HikariDataSource       : HikariPool-1 - Shutdown completed.
2019-08-19 00:01:39.781  INFO 7944 --- [restartedMain] com.demo.Application                     : Starting Application on DESKTOP-RRC9P7A with PID 7944 (E:\Study\Springboot\summerinternship\target\classes started by Admin in E:\Study\Springboot\summerinternship)
2019-08-19 00:01:39.791  INFO 7944 --- [restartedMain] com.demo.Application                     : No active profile set, falling back to default profiles: default
2019-08-19 00:01:40.146  INFO 7944 --- [restartedMain] .e.DevToolsPropertyDefaultsPostProcessor : Devtools property defaults active! Set 'spring.devtools.add-properties' to 'false' to disable
2019-08-19 00:01:40.146  INFO 7944 --- [restartedMain] .e.DevToolsPropertyDefaultsPostProcessor : For additional web related logging consider setting the 'logging.level.web' property to 'DEBUG'
2019-08-19 00:01:41.677  INFO 7944 --- [restartedMain] .s.d.r.c.RepositoryConfigurationDelegate : Multiple Spring Data modules found, entering strict repository configuration mode!
2019-08-19 00:01:41.677  INFO 7944 --- [restartedMain] .s.d.r.c.RepositoryConfigurationDelegate : Bootstrapping Spring Data repositories in DEFAULT mode.
2019-08-19 00:01:41.819  INFO 7944 --- [restartedMain] .RepositoryConfigurationExtensionSupport : Spring Data JPA - Could not safely identify store assignment for repository candidate interface com.demo.repository.EmployeeRepository.
2019-08-19 00:01:41.873  INFO 7944 --- [restartedMain] .s.d.r.c.RepositoryConfigurationDelegate : Finished Spring Data repository scanning in 164ms. Found 2 repository interfaces.
2019-08-19 00:01:41.903  INFO 7944 --- [restartedMain] .s.d.r.c.RepositoryConfigurationDelegate : Multiple Spring Data modules found, entering strict repository configuration mode!
2019-08-19 00:01:41.903  INFO 7944 --- [restartedMain] .s.d.r.c.RepositoryConfigurationDelegate : Bootstrapping Spring Data repositories in DEFAULT mode.
2019-08-19 00:01:41.911  INFO 7944 --- [restartedMain] .RepositoryConfigurationExtensionSupport : Spring Data MongoDB - Could not safely identify store assignment for repository candidate interface com.demo.repository.CategoryRepository.
2019-08-19 00:01:41.914  INFO 7944 --- [restartedMain] .RepositoryConfigurationExtensionSupport : Spring Data MongoDB - Could not safely identify store assignment for repository candidate interface com.demo.repository.UserRepository.
2019-08-19 00:01:41.919  INFO 7944 --- [restartedMain] .s.d.r.c.RepositoryConfigurationDelegate : Finished Spring Data repository scanning in 16ms. Found 1 repository interfaces.
2019-08-19 00:01:42.467  INFO 7944 --- [restartedMain] trationDelegate$BeanPostProcessorChecker : Bean 'org.springframework.transaction.annotation.ProxyTransactionManagementConfiguration' of type [org.springframework.transaction.annotation.ProxyTransactionManagementConfiguration$$EnhancerBySpringCGLIB$$41a17b96] is not eligible for getting processed by all BeanPostProcessors (for example: not eligible for auto-proxying)
2019-08-19 00:01:42.505  INFO 7944 --- [restartedMain] trationDelegate$BeanPostProcessorChecker : Bean 'org.springframework.security.config.annotation.configuration.ObjectPostProcessorConfiguration' of type [org.springframework.security.config.annotation.configuration.ObjectPostProcessorConfiguration$$EnhancerBySpringCGLIB$$da4f43d0] is not eligible for getting processed by all BeanPostProcessors (for example: not eligible for auto-proxying)
2019-08-19 00:01:42.510  INFO 7944 --- [restartedMain] trationDelegate$BeanPostProcessorChecker : Bean 'objectPostProcessor' of type [org.springframework.security.config.annotation.configuration.AutowireBeanFactoryObjectPostProcessor] is not eligible for getting processed by all BeanPostProcessors (for example: not eligible for auto-proxying)
2019-08-19 00:01:42.516  INFO 7944 --- [restartedMain] trationDelegate$BeanPostProcessorChecker : Bean 'org.springframework.security.access.expression.method.DefaultMethodSecurityExpressionHandler@298bc04a' of type [org.springframework.security.oauth2.provider.expression.OAuth2MethodSecurityExpressionHandler] is not eligible for getting processed by all BeanPostProcessors (for example: not eligible for auto-proxying)
2019-08-19 00:01:42.519  INFO 7944 --- [restartedMain] trationDelegate$BeanPostProcessorChecker : Bean 'org.springframework.security.config.annotation.method.configuration.GlobalMethodSecurityConfiguration' of type [org.springframework.security.config.annotation.method.configuration.GlobalMethodSecurityConfiguration$$EnhancerBySpringCGLIB$$ff23e682] is not eligible for getting processed by all BeanPostProcessors (for example: not eligible for auto-proxying)
2019-08-19 00:01:42.523  INFO 7944 --- [restartedMain] trationDelegate$BeanPostProcessorChecker : Bean 'methodSecurityMetadataSource' of type [org.springframework.security.access.method.DelegatingMethodSecurityMetadataSource] is not eligible for getting processed by all BeanPostProcessors (for example: not eligible for auto-proxying)
2019-08-19 00:01:43.114  INFO 7944 --- [restartedMain] o.s.b.w.embedded.tomcat.TomcatWebServer  : Tomcat initialized with port(s): 8081 (http)
2019-08-19 00:01:43.144  INFO 7944 --- [restartedMain] o.apache.catalina.core.StandardService   : Starting service [Tomcat]
2019-08-19 00:01:43.144  INFO 7944 --- [restartedMain] org.apache.catalina.core.StandardEngine  : Starting Servlet engine: [Apache Tomcat/9.0.19]
2019-08-19 00:01:43.268  INFO 7944 --- [restartedMain] o.a.c.c.C.[Tomcat].[localhost].[/]       : Initializing Spring embedded WebApplicationContext
2019-08-19 00:01:43.269  INFO 7944 --- [restartedMain] o.s.web.context.ContextLoader            : Root WebApplicationContext: initialization completed in 3122 ms
2019-08-19 00:01:43.501  INFO 7944 --- [restartedMain] com.zaxxer.hikari.HikariDataSource       : HikariPool-1 - Starting...
2019-08-19 00:01:43.502  WARN 7944 --- [restartedMain] com.zaxxer.hikari.util.DriverDataSource  : Registered driver with driverClassName=com.mysql.jdbc.Driver was not found, trying direct instantiation.
2019-08-19 00:01:43.653  INFO 7944 --- [restartedMain] com.zaxxer.hikari.HikariDataSource       : HikariPool-1 - Start completed.
2019-08-19 00:01:43.712  INFO 7944 --- [restartedMain] o.hibernate.jpa.internal.util.LogHelper  : HHH000204: Processing PersistenceUnitInfo [
	name: default
	...]
2019-08-19 00:01:43.821  INFO 7944 --- [restartedMain] org.hibernate.Version                    : HHH000412: Hibernate Core {5.3.10.Final}
2019-08-19 00:01:43.823  INFO 7944 --- [restartedMain] org.hibernate.cfg.Environment            : HHH000206: hibernate.properties not found
2019-08-19 00:01:44.010  INFO 7944 --- [restartedMain] o.hibernate.annotations.common.Version   : HCANN000001: Hibernate Commons Annotations {5.0.4.Final}
2019-08-19 00:01:44.193  INFO 7944 --- [restartedMain] org.hibernate.dialect.Dialect            : HHH000400: Using dialect: org.hibernate.dialect.MySQLDialect
2019-08-19 00:01:45.044  INFO 7944 --- [restartedMain] j.LocalContainerEntityManagerFactoryBean : Initialized JPA EntityManagerFactory for persistence unit 'default'
2019-08-19 00:01:45.809  INFO 7944 --- [restartedMain] org.mongodb.driver.cluster               : Cluster created with settings {hosts=[localhost:27017], mode=MULTIPLE, requiredClusterType=UNKNOWN, serverSelectionTimeout='30000 ms', maxWaitQueueSize=500}
2019-08-19 00:01:45.809  INFO 7944 --- [restartedMain] org.mongodb.driver.cluster               : Adding discovered server localhost:27017 to client view of cluster
2019-08-19 00:01:45.912  INFO 7944 --- [cluster-ClusterId{value='5d5984798a04381f083c6414', description='null'}-localhost:27017] org.mongodb.driver.connection            : Opened connection [connectionId{localValue:1, serverValue:161}] to localhost:27017
2019-08-19 00:01:45.919  INFO 7944 --- [cluster-ClusterId{value='5d5984798a04381f083c6414', description='null'}-localhost:27017] org.mongodb.driver.cluster               : Monitor thread successfully connected to server with description ServerDescription{address=localhost:27017, type=STANDALONE, state=CONNECTED, ok=true, version=ServerVersion{versionList=[4, 0, 9]}, minWireVersion=0, maxWireVersion=7, maxDocumentSize=16777216, logicalSessionTimeoutMinutes=30, roundTripTimeNanos=4057103}
2019-08-19 00:01:45.922  INFO 7944 --- [cluster-ClusterId{value='5d5984798a04381f083c6414', description='null'}-localhost:27017] org.mongodb.driver.cluster               : Discovered cluster type of STANDALONE
2019-08-19 00:01:46.079  INFO 7944 --- [restartedMain] o.s.b.d.a.OptionalLiveReloadServer       : LiveReload server is running on port 35729
2019-08-19 00:01:46.188  INFO 7944 --- [restartedMain] org.mongodb.driver.connection            : Opened connection [connectionId{localValue:2, serverValue:162}] to localhost:27017
2019-08-19 00:01:46.656  INFO 7944 --- [restartedMain] o.h.h.i.QueryTranslatorFactoryInitiator  : HHH000397: Using ASTQueryTranslatorFactory
2019-08-19 00:01:46.924  WARN 7944 --- [restartedMain] org.apache.velocity.deprecation          : configuration key 'class.resource.loader.class' has been deprecated in favor of 'resource.loader.class.class'
2019-08-19 00:01:46.924  WARN 7944 --- [restartedMain] org.apache.velocity.deprecation          : configuration key 'resource.loader' has been deprecated in favor of 'resource.loaders'
2019-08-19 00:01:47.039  INFO 7944 --- [restartedMain] o.s.s.c.ThreadPoolTaskScheduler          : Initializing ExecutorService 'taskScheduler'
2019-08-19 00:01:47.192  INFO 7944 --- [restartedMain] o.s.s.web.DefaultSecurityFilterChain     : Creating filter chain: Ant [pattern='/css/**'], []
2019-08-19 00:01:47.192  INFO 7944 --- [restartedMain] o.s.s.web.DefaultSecurityFilterChain     : Creating filter chain: Ant [pattern='/js/**'], []
2019-08-19 00:01:47.193  INFO 7944 --- [restartedMain] o.s.s.web.DefaultSecurityFilterChain     : Creating filter chain: Ant [pattern='/images/**'], []
2019-08-19 00:01:47.244  INFO 7944 --- [restartedMain] o.s.s.web.DefaultSecurityFilterChain     : Creating filter chain: any request, [org.springframework.security.web.context.request.async.WebAsyncManagerIntegrationFilter@7bb76cea, org.springframework.security.web.context.SecurityContextPersistenceFilter@5cca77f7, org.springframework.security.web.header.HeaderWriterFilter@7228fa48, org.springframework.web.filter.CorsFilter@360e31bd, org.springframework.security.web.csrf.CsrfFilter@673dcd3e, org.springframework.security.web.authentication.logout.LogoutFilter@5d104219, org.springframework.security.web.authentication.UsernamePasswordAuthenticationFilter@7b84e9a8, org.springframework.security.web.savedrequest.RequestCacheAwareFilter@2b17a3fb, org.springframework.security.web.servletapi.SecurityContextHolderAwareRequestFilter@7740f96, org.springframework.security.web.authentication.AnonymousAuthenticationFilter@6db01fd3, org.springframework.security.web.session.SessionManagementFilter@592ca72, org.springframework.security.web.access.ExceptionTranslationFilter@5b5807dd, org.springframework.security.web.access.intercept.FilterSecurityInterceptor@72a0c9c6]
2019-08-19 00:01:47.504  INFO 7944 --- [restartedMain] o.s.s.concurrent.ThreadPoolTaskExecutor  : Initializing ExecutorService 'applicationTaskExecutor'
2019-08-19 00:01:47.555  WARN 7944 --- [restartedMain] aWebConfiguration$JpaWebMvcConfiguration : spring.jpa.open-in-view is enabled by default. Therefore, database queries may be performed during view rendering. Explicitly configure spring.jpa.open-in-view to disable this warning
2019-08-19 00:01:47.686  WARN 7944 --- [restartedMain] org.thymeleaf.templatemode.TemplateMode  : [THYMELEAF][restartedMain] Template Mode 'HTML5' is deprecated. Using Template Mode 'HTML' instead.
2019-08-19 00:01:47.976  INFO 7944 --- [restartedMain] o.s.b.a.w.s.WelcomePageHandlerMapping    : Adding welcome page template: index
2019-08-19 00:01:48.194  INFO 7944 --- [restartedMain] o.s.b.w.embedded.tomcat.TomcatWebServer  : Tomcat started on port(s): 8081 (http) with context path ''
2019-08-19 00:01:48.197  INFO 7944 --- [restartedMain] com.demo.Application                     : Started Application in 9.068 seconds (JVM running for 11.793)
2019-08-19 00:02:00.042  INFO 7944 --- [http-nio-8081-exec-1] o.a.c.c.C.[Tomcat].[localhost].[/]       : Initializing Spring DispatcherServlet 'dispatcherServlet'
2019-08-19 00:02:00.042  INFO 7944 --- [http-nio-8081-exec-1] o.s.web.servlet.DispatcherServlet        : Initializing Servlet 'dispatcherServlet'
2019-08-19 00:02:00.057  INFO 7944 --- [http-nio-8081-exec-1] o.s.web.servlet.DispatcherServlet        : Completed initialization in 15 ms
2019-08-19 00:04:48.296  INFO 7944 --- [Thread-28] o.s.s.concurrent.ThreadPoolTaskExecutor  : Shutting down ExecutorService 'applicationTaskExecutor'
2019-08-19 00:04:48.297  INFO 7944 --- [Thread-28] o.s.s.c.ThreadPoolTaskScheduler          : Shutting down ExecutorService 'taskScheduler'
2019-08-19 00:04:48.305  INFO 7944 --- [Thread-28] org.mongodb.driver.connection            : Closed connection [connectionId{localValue:2, serverValue:162}] to localhost:27017 because the pool has been closed.
2019-08-19 00:04:48.309  INFO 7944 --- [Thread-28] j.LocalContainerEntityManagerFactoryBean : Closing JPA EntityManagerFactory for persistence unit 'default'
2019-08-19 00:04:48.314  INFO 7944 --- [Thread-28] com.zaxxer.hikari.HikariDataSource       : HikariPool-1 - Shutdown initiated...
2019-08-19 00:04:48.324  INFO 7944 --- [Thread-28] com.zaxxer.hikari.HikariDataSource       : HikariPool-1 - Shutdown completed.
2019-08-19 00:04:58.771  INFO 2188 --- [restartedMain] com.demo.Application                     : Starting Application on DESKTOP-RRC9P7A with PID 2188 (E:\Study\Springboot\summerinternship\target\classes started by Admin in E:\Study\Springboot\summerinternship)
2019-08-19 00:04:58.777  INFO 2188 --- [restartedMain] com.demo.Application                     : No active profile set, falling back to default profiles: default
2019-08-19 00:04:59.195  INFO 2188 --- [restartedMain] .e.DevToolsPropertyDefaultsPostProcessor : Devtools property defaults active! Set 'spring.devtools.add-properties' to 'false' to disable
2019-08-19 00:04:59.195  INFO 2188 --- [restartedMain] .e.DevToolsPropertyDefaultsPostProcessor : For additional web related logging consider setting the 'logging.level.web' property to 'DEBUG'
2019-08-19 00:05:00.980  INFO 2188 --- [restartedMain] .s.d.r.c.RepositoryConfigurationDelegate : Multiple Spring Data modules found, entering strict repository configuration mode!
2019-08-19 00:05:00.980  INFO 2188 --- [restartedMain] .s.d.r.c.RepositoryConfigurationDelegate : Bootstrapping Spring Data repositories in DEFAULT mode.
2019-08-19 00:05:01.112  INFO 2188 --- [restartedMain] .RepositoryConfigurationExtensionSupport : Spring Data JPA - Could not safely identify store assignment for repository candidate interface com.demo.repository.EmployeeRepository.
2019-08-19 00:05:01.155  INFO 2188 --- [restartedMain] .s.d.r.c.RepositoryConfigurationDelegate : Finished Spring Data repository scanning in 163ms. Found 2 repository interfaces.
2019-08-19 00:05:01.208  INFO 2188 --- [restartedMain] .s.d.r.c.RepositoryConfigurationDelegate : Multiple Spring Data modules found, entering strict repository configuration mode!
2019-08-19 00:05:01.209  INFO 2188 --- [restartedMain] .s.d.r.c.RepositoryConfigurationDelegate : Bootstrapping Spring Data repositories in DEFAULT mode.
2019-08-19 00:05:01.257  INFO 2188 --- [restartedMain] .RepositoryConfigurationExtensionSupport : Spring Data MongoDB - Could not safely identify store assignment for repository candidate interface com.demo.repository.CategoryRepository.
2019-08-19 00:05:01.279  INFO 2188 --- [restartedMain] .RepositoryConfigurationExtensionSupport : Spring Data MongoDB - Could not safely identify store assignment for repository candidate interface com.demo.repository.UserRepository.
2019-08-19 00:05:01.303  INFO 2188 --- [restartedMain] .s.d.r.c.RepositoryConfigurationDelegate : Finished Spring Data repository scanning in 94ms. Found 1 repository interfaces.
2019-08-19 00:05:02.348  INFO 2188 --- [restartedMain] trationDelegate$BeanPostProcessorChecker : Bean 'org.springframework.transaction.annotation.ProxyTransactionManagementConfiguration' of type [org.springframework.transaction.annotation.ProxyTransactionManagementConfiguration$$EnhancerBySpringCGLIB$$15c1d2b0] is not eligible for getting processed by all BeanPostProcessors (for example: not eligible for auto-proxying)
2019-08-19 00:05:02.387  INFO 2188 --- [restartedMain] trationDelegate$BeanPostProcessorChecker : Bean 'org.springframework.security.config.annotation.configuration.ObjectPostProcessorConfiguration' of type [org.springframework.security.config.annotation.configuration.ObjectPostProcessorConfiguration$$EnhancerBySpringCGLIB$$ae6f9aea] is not eligible for getting processed by all BeanPostProcessors (for example: not eligible for auto-proxying)
2019-08-19 00:05:02.393  INFO 2188 --- [restartedMain] trationDelegate$BeanPostProcessorChecker : Bean 'objectPostProcessor' of type [org.springframework.security.config.annotation.configuration.AutowireBeanFactoryObjectPostProcessor] is not eligible for getting processed by all BeanPostProcessors (for example: not eligible for auto-proxying)
2019-08-19 00:05:02.398  INFO 2188 --- [restartedMain] trationDelegate$BeanPostProcessorChecker : Bean 'org.springframework.security.access.expression.method.DefaultMethodSecurityExpressionHandler@18a218ce' of type [org.springframework.security.oauth2.provider.expression.OAuth2MethodSecurityExpressionHandler] is not eligible for getting processed by all BeanPostProcessors (for example: not eligible for auto-proxying)
2019-08-19 00:05:02.402  INFO 2188 --- [restartedMain] trationDelegate$BeanPostProcessorChecker : Bean 'org.springframework.security.config.annotation.method.configuration.GlobalMethodSecurityConfiguration' of type [org.springframework.security.config.annotation.method.configuration.GlobalMethodSecurityConfiguration$$EnhancerBySpringCGLIB$$d3443d9c] is not eligible for getting processed by all BeanPostProcessors (for example: not eligible for auto-proxying)
2019-08-19 00:05:02.406  INFO 2188 --- [restartedMain] trationDelegate$BeanPostProcessorChecker : Bean 'methodSecurityMetadataSource' of type [org.springframework.security.access.method.DelegatingMethodSecurityMetadataSource] is not eligible for getting processed by all BeanPostProcessors (for example: not eligible for auto-proxying)
2019-08-19 00:05:02.902  INFO 2188 --- [restartedMain] o.s.b.w.embedded.tomcat.TomcatWebServer  : Tomcat initialized with port(s): 8081 (http)
2019-08-19 00:05:03.015  INFO 2188 --- [restartedMain] o.apache.catalina.core.StandardService   : Starting service [Tomcat]
2019-08-19 00:05:03.016  INFO 2188 --- [restartedMain] org.apache.catalina.core.StandardEngine  : Starting Servlet engine: [Apache Tomcat/9.0.19]
2019-08-19 00:05:03.146  INFO 2188 --- [restartedMain] o.a.c.c.C.[Tomcat].[localhost].[/]       : Initializing Spring embedded WebApplicationContext
2019-08-19 00:05:03.147  INFO 2188 --- [restartedMain] o.s.web.context.ContextLoader            : Root WebApplicationContext: initialization completed in 3952 ms
2019-08-19 00:05:03.348  INFO 2188 --- [restartedMain] com.zaxxer.hikari.HikariDataSource       : HikariPool-1 - Starting...
2019-08-19 00:05:03.351  WARN 2188 --- [restartedMain] com.zaxxer.hikari.util.DriverDataSource  : Registered driver with driverClassName=com.mysql.jdbc.Driver was not found, trying direct instantiation.
2019-08-19 00:05:03.511  INFO 2188 --- [restartedMain] com.zaxxer.hikari.HikariDataSource       : HikariPool-1 - Start completed.
2019-08-19 00:05:03.591  INFO 2188 --- [restartedMain] o.hibernate.jpa.internal.util.LogHelper  : HHH000204: Processing PersistenceUnitInfo [
	name: default
	...]
2019-08-19 00:05:03.699  INFO 2188 --- [restartedMain] org.hibernate.Version                    : HHH000412: Hibernate Core {5.3.10.Final}
2019-08-19 00:05:03.701  INFO 2188 --- [restartedMain] org.hibernate.cfg.Environment            : HHH000206: hibernate.properties not found
2019-08-19 00:05:03.855  INFO 2188 --- [restartedMain] o.hibernate.annotations.common.Version   : HCANN000001: Hibernate Commons Annotations {5.0.4.Final}
2019-08-19 00:05:04.025  INFO 2188 --- [restartedMain] org.hibernate.dialect.Dialect            : HHH000400: Using dialect: org.hibernate.dialect.MySQLDialect
2019-08-19 00:05:04.904  INFO 2188 --- [restartedMain] j.LocalContainerEntityManagerFactoryBean : Initialized JPA EntityManagerFactory for persistence unit 'default'
2019-08-19 00:05:05.645  INFO 2188 --- [restartedMain] org.mongodb.driver.cluster               : Cluster created with settings {hosts=[localhost:27017], mode=MULTIPLE, requiredClusterType=UNKNOWN, serverSelectionTimeout='30000 ms', maxWaitQueueSize=500}
2019-08-19 00:05:05.645  INFO 2188 --- [restartedMain] org.mongodb.driver.cluster               : Adding discovered server localhost:27017 to client view of cluster
2019-08-19 00:05:05.730  INFO 2188 --- [cluster-ClusterId{value='5d5985418a0438088c2e9ba1', description='null'}-localhost:27017] org.mongodb.driver.connection            : Opened connection [connectionId{localValue:1, serverValue:163}] to localhost:27017
2019-08-19 00:05:05.736  INFO 2188 --- [cluster-ClusterId{value='5d5985418a0438088c2e9ba1', description='null'}-localhost:27017] org.mongodb.driver.cluster               : Monitor thread successfully connected to server with description ServerDescription{address=localhost:27017, type=STANDALONE, state=CONNECTED, ok=true, version=ServerVersion{versionList=[4, 0, 9]}, minWireVersion=0, maxWireVersion=7, maxDocumentSize=16777216, logicalSessionTimeoutMinutes=30, roundTripTimeNanos=3804502}
2019-08-19 00:05:05.738  INFO 2188 --- [cluster-ClusterId{value='5d5985418a0438088c2e9ba1', description='null'}-localhost:27017] org.mongodb.driver.cluster               : Discovered cluster type of STANDALONE
2019-08-19 00:05:05.910  INFO 2188 --- [restartedMain] o.s.b.d.a.OptionalLiveReloadServer       : LiveReload server is running on port 35729
2019-08-19 00:05:06.043  INFO 2188 --- [restartedMain] org.mongodb.driver.connection            : Opened connection [connectionId{localValue:2, serverValue:164}] to localhost:27017
2019-08-19 00:05:06.478  INFO 2188 --- [restartedMain] o.h.h.i.QueryTranslatorFactoryInitiator  : HHH000397: Using ASTQueryTranslatorFactory
2019-08-19 00:05:06.748  WARN 2188 --- [restartedMain] org.apache.velocity.deprecation          : configuration key 'class.resource.loader.class' has been deprecated in favor of 'resource.loader.class.class'
2019-08-19 00:05:06.748  WARN 2188 --- [restartedMain] org.apache.velocity.deprecation          : configuration key 'resource.loader' has been deprecated in favor of 'resource.loaders'
2019-08-19 00:05:06.868  INFO 2188 --- [restartedMain] o.s.s.c.ThreadPoolTaskScheduler          : Initializing ExecutorService 'taskScheduler'
2019-08-19 00:05:07.015  INFO 2188 --- [restartedMain] o.s.s.web.DefaultSecurityFilterChain     : Creating filter chain: Ant [pattern='/css/**'], []
2019-08-19 00:05:07.016  INFO 2188 --- [restartedMain] o.s.s.web.DefaultSecurityFilterChain     : Creating filter chain: Ant [pattern='/js/**'], []
2019-08-19 00:05:07.016  INFO 2188 --- [restartedMain] o.s.s.web.DefaultSecurityFilterChain     : Creating filter chain: Ant [pattern='/images/**'], []
2019-08-19 00:05:07.071  INFO 2188 --- [restartedMain] o.s.s.web.DefaultSecurityFilterChain     : Creating filter chain: any request, [org.springframework.security.web.context.request.async.WebAsyncManagerIntegrationFilter@631d5f0, org.springframework.security.web.context.SecurityContextPersistenceFilter@37891d, org.springframework.security.web.header.HeaderWriterFilter@16e77795, org.springframework.web.filter.CorsFilter@595c2385, org.springframework.security.web.csrf.CsrfFilter@1d0a95ea, org.springframework.security.web.authentication.logout.LogoutFilter@afbf539, org.springframework.security.web.authentication.UsernamePasswordAuthenticationFilter@39be8d00, org.springframework.security.web.savedrequest.RequestCacheAwareFilter@1ee5361c, org.springframework.security.web.servletapi.SecurityContextHolderAwareRequestFilter@95860, org.springframework.security.web.authentication.AnonymousAuthenticationFilter@733053a3, org.springframework.security.web.session.SessionManagementFilter@67d68195, org.springframework.security.web.access.ExceptionTranslationFilter@50572415, org.springframework.security.web.access.intercept.FilterSecurityInterceptor@102e5fe8]
2019-08-19 00:05:07.343  INFO 2188 --- [restartedMain] o.s.s.concurrent.ThreadPoolTaskExecutor  : Initializing ExecutorService 'applicationTaskExecutor'
2019-08-19 00:05:07.407  WARN 2188 --- [restartedMain] aWebConfiguration$JpaWebMvcConfiguration : spring.jpa.open-in-view is enabled by default. Therefore, database queries may be performed during view rendering. Explicitly configure spring.jpa.open-in-view to disable this warning
2019-08-19 00:05:07.534  WARN 2188 --- [restartedMain] org.thymeleaf.templatemode.TemplateMode  : [THYMELEAF][restartedMain] Template Mode 'HTML5' is deprecated. Using Template Mode 'HTML' instead.
2019-08-19 00:05:07.840  INFO 2188 --- [restartedMain] o.s.b.a.w.s.WelcomePageHandlerMapping    : Adding welcome page template: index
2019-08-19 00:05:08.044  INFO 2188 --- [restartedMain] o.s.b.w.embedded.tomcat.TomcatWebServer  : Tomcat started on port(s): 8081 (http) with context path ''
2019-08-19 00:05:08.048  INFO 2188 --- [restartedMain] com.demo.Application                     : Started Application in 10.004 seconds (JVM running for 12.32)
2019-08-19 00:05:12.670  INFO 2188 --- [http-nio-8081-exec-2] o.a.c.c.C.[Tomcat].[localhost].[/]       : Initializing Spring DispatcherServlet 'dispatcherServlet'
2019-08-19 00:05:12.671  INFO 2188 --- [http-nio-8081-exec-2] o.s.web.servlet.DispatcherServlet        : Initializing Servlet 'dispatcherServlet'
2019-08-19 00:05:12.685  INFO 2188 --- [http-nio-8081-exec-2] o.s.web.servlet.DispatcherServlet        : Completed initialization in 14 ms
2019-08-19 00:12:17.715  INFO 2188 --- [Thread-22] o.s.s.concurrent.ThreadPoolTaskExecutor  : Shutting down ExecutorService 'applicationTaskExecutor'
2019-08-19 00:12:17.717  INFO 2188 --- [Thread-22] o.s.s.c.ThreadPoolTaskScheduler          : Shutting down ExecutorService 'taskScheduler'
2019-08-19 00:12:17.724  INFO 2188 --- [Thread-22] org.mongodb.driver.connection            : Closed connection [connectionId{localValue:2, serverValue:164}] to localhost:27017 because the pool has been closed.
2019-08-19 00:12:17.727  INFO 2188 --- [Thread-22] j.LocalContainerEntityManagerFactoryBean : Closing JPA EntityManagerFactory for persistence unit 'default'
2019-08-19 00:12:17.731  INFO 2188 --- [Thread-22] com.zaxxer.hikari.HikariDataSource       : HikariPool-1 - Shutdown initiated...
2019-08-19 00:12:17.741  INFO 2188 --- [Thread-22] com.zaxxer.hikari.HikariDataSource       : HikariPool-1 - Shutdown completed.
2019-08-19 00:12:18.337  INFO 2188 --- [restartedMain] com.demo.Application                     : Starting Application on DESKTOP-RRC9P7A with PID 2188 (E:\Study\Springboot\summerinternship\target\classes started by Admin in E:\Study\Springboot\summerinternship)
2019-08-19 00:12:18.341  INFO 2188 --- [restartedMain] com.demo.Application                     : No active profile set, falling back to default profiles: default
2019-08-19 00:12:19.275  INFO 2188 --- [restartedMain] .s.d.r.c.RepositoryConfigurationDelegate : Multiple Spring Data modules found, entering strict repository configuration mode!
2019-08-19 00:12:19.276  INFO 2188 --- [restartedMain] .s.d.r.c.RepositoryConfigurationDelegate : Bootstrapping Spring Data repositories in DEFAULT mode.
2019-08-19 00:12:19.321  INFO 2188 --- [restartedMain] .RepositoryConfigurationExtensionSupport : Spring Data JPA - Could not safely identify store assignment for repository candidate interface com.demo.repository.EmployeeRepository.
2019-08-19 00:12:19.344  INFO 2188 --- [restartedMain] .s.d.r.c.RepositoryConfigurationDelegate : Finished Spring Data repository scanning in 68ms. Found 2 repository interfaces.
2019-08-19 00:12:19.363  INFO 2188 --- [restartedMain] .s.d.r.c.RepositoryConfigurationDelegate : Multiple Spring Data modules found, entering strict repository configuration mode!
2019-08-19 00:12:19.363  INFO 2188 --- [restartedMain] .s.d.r.c.RepositoryConfigurationDelegate : Bootstrapping Spring Data repositories in DEFAULT mode.
2019-08-19 00:12:19.436  INFO 2188 --- [restartedMain] .RepositoryConfigurationExtensionSupport : Spring Data MongoDB - Could not safely identify store assignment for repository candidate interface com.demo.repository.CategoryRepository.
2019-08-19 00:12:19.439  INFO 2188 --- [restartedMain] .RepositoryConfigurationExtensionSupport : Spring Data MongoDB - Could not safely identify store assignment for repository candidate interface com.demo.repository.UserRepository.
2019-08-19 00:12:19.446  INFO 2188 --- [restartedMain] .s.d.r.c.RepositoryConfigurationDelegate : Finished Spring Data repository scanning in 62ms. Found 1 repository interfaces.
2019-08-19 00:12:19.652  INFO 2188 --- [restartedMain] trationDelegate$BeanPostProcessorChecker : Bean 'org.springframework.transaction.annotation.ProxyTransactionManagementConfiguration' of type [org.springframework.transaction.annotation.ProxyTransactionManagementConfiguration$$EnhancerBySpringCGLIB$$15c1d2b0] is not eligible for getting processed by all BeanPostProcessors (for example: not eligible for auto-proxying)
2019-08-19 00:12:19.656  INFO 2188 --- [restartedMain] trationDelegate$BeanPostProcessorChecker : Bean 'org.springframework.security.config.annotation.configuration.ObjectPostProcessorConfiguration' of type [org.springframework.security.config.annotation.configuration.ObjectPostProcessorConfiguration$$EnhancerBySpringCGLIB$$ae6f9aea] is not eligible for getting processed by all BeanPostProcessors (for example: not eligible for auto-proxying)
2019-08-19 00:12:19.658  INFO 2188 --- [restartedMain] trationDelegate$BeanPostProcessorChecker : Bean 'objectPostProcessor' of type [org.springframework.security.config.annotation.configuration.AutowireBeanFactoryObjectPostProcessor] is not eligible for getting processed by all BeanPostProcessors (for example: not eligible for auto-proxying)
2019-08-19 00:12:19.659  INFO 2188 --- [restartedMain] trationDelegate$BeanPostProcessorChecker : Bean 'org.springframework.security.access.expression.method.DefaultMethodSecurityExpressionHandler@5aeeff13' of type [org.springframework.security.oauth2.provider.expression.OAuth2MethodSecurityExpressionHandler] is not eligible for getting processed by all BeanPostProcessors (for example: not eligible for auto-proxying)
2019-08-19 00:12:19.661  INFO 2188 --- [restartedMain] trationDelegate$BeanPostProcessorChecker : Bean 'org.springframework.security.config.annotation.method.configuration.GlobalMethodSecurityConfiguration' of type [org.springframework.security.config.annotation.method.configuration.GlobalMethodSecurityConfiguration$$EnhancerBySpringCGLIB$$d3443d9c] is not eligible for getting processed by all BeanPostProcessors (for example: not eligible for auto-proxying)
2019-08-19 00:12:19.661  INFO 2188 --- [restartedMain] trationDelegate$BeanPostProcessorChecker : Bean 'methodSecurityMetadataSource' of type [org.springframework.security.access.method.DelegatingMethodSecurityMetadataSource] is not eligible for getting processed by all BeanPostProcessors (for example: not eligible for auto-proxying)
2019-08-19 00:12:19.873  INFO 2188 --- [restartedMain] o.s.b.w.embedded.tomcat.TomcatWebServer  : Tomcat initialized with port(s): 8081 (http)
2019-08-19 00:12:19.875  INFO 2188 --- [restartedMain] o.apache.catalina.core.StandardService   : Starting service [Tomcat]
2019-08-19 00:12:19.881  INFO 2188 --- [restartedMain] org.apache.catalina.core.StandardEngine  : Starting Servlet engine: [Apache Tomcat/9.0.19]
2019-08-19 00:12:19.910  INFO 2188 --- [restartedMain] o.a.c.c.C.[Tomcat].[localhost].[/]       : Initializing Spring embedded WebApplicationContext
2019-08-19 00:12:19.910  INFO 2188 --- [restartedMain] o.s.web.context.ContextLoader            : Root WebApplicationContext: initialization completed in 1565 ms
2019-08-19 00:12:20.056  INFO 2188 --- [restartedMain] com.zaxxer.hikari.HikariDataSource       : HikariPool-2 - Starting...
2019-08-19 00:12:20.056  WARN 2188 --- [restartedMain] com.zaxxer.hikari.util.DriverDataSource  : Registered driver with driverClassName=com.mysql.jdbc.Driver was not found, trying direct instantiation.
2019-08-19 00:12:20.061  INFO 2188 --- [restartedMain] com.zaxxer.hikari.HikariDataSource       : HikariPool-2 - Start completed.
2019-08-19 00:12:20.082  INFO 2188 --- [restartedMain] o.hibernate.jpa.internal.util.LogHelper  : HHH000204: Processing PersistenceUnitInfo [
	name: default
	...]
2019-08-19 00:12:20.136  INFO 2188 --- [restartedMain] org.hibernate.dialect.Dialect            : HHH000400: Using dialect: org.hibernate.dialect.MySQLDialect
2019-08-19 00:12:20.298  INFO 2188 --- [restartedMain] j.LocalContainerEntityManagerFactoryBean : Initialized JPA EntityManagerFactory for persistence unit 'default'
2019-08-19 00:12:20.340  INFO 2188 --- [restartedMain] org.mongodb.driver.cluster               : Cluster created with settings {hosts=[localhost:27017], mode=MULTIPLE, requiredClusterType=UNKNOWN, serverSelectionTimeout='30000 ms', maxWaitQueueSize=500}
2019-08-19 00:12:20.340  INFO 2188 --- [restartedMain] org.mongodb.driver.cluster               : Adding discovered server localhost:27017 to client view of cluster
2019-08-19 00:12:20.343  INFO 2188 --- [cluster-ClusterId{value='5d5986f48a0438088c2e9ba2', description='null'}-localhost:27017] org.mongodb.driver.connection            : Opened connection [connectionId{localValue:3, serverValue:165}] to localhost:27017
2019-08-19 00:12:20.345  INFO 2188 --- [cluster-ClusterId{value='5d5986f48a0438088c2e9ba2', description='null'}-localhost:27017] org.mongodb.driver.cluster               : Monitor thread successfully connected to server with description ServerDescription{address=localhost:27017, type=STANDALONE, state=CONNECTED, ok=true, version=ServerVersion{versionList=[4, 0, 9]}, minWireVersion=0, maxWireVersion=7, maxDocumentSize=16777216, logicalSessionTimeoutMinutes=30, roundTripTimeNanos=489722}
2019-08-19 00:12:20.346  INFO 2188 --- [cluster-ClusterId{value='5d5986f48a0438088c2e9ba2', description='null'}-localhost:27017] org.mongodb.driver.cluster               : Discovered cluster type of STANDALONE
2019-08-19 00:12:20.399  INFO 2188 --- [restartedMain] o.s.b.d.a.OptionalLiveReloadServer       : LiveReload server is running on port 35729
2019-08-19 00:12:20.428  INFO 2188 --- [restartedMain] org.mongodb.driver.connection            : Opened connection [connectionId{localValue:4, serverValue:166}] to localhost:27017
2019-08-19 00:12:20.516  INFO 2188 --- [restartedMain] o.h.h.i.QueryTranslatorFactoryInitiator  : HHH000397: Using ASTQueryTranslatorFactory
2019-08-19 00:12:20.706  WARN 2188 --- [restartedMain] org.apache.velocity.deprecation          : configuration key 'class.resource.loader.class' has been deprecated in favor of 'resource.loader.class.class'
2019-08-19 00:12:20.706  WARN 2188 --- [restartedMain] org.apache.velocity.deprecation          : configuration key 'resource.loader' has been deprecated in favor of 'resource.loaders'
2019-08-19 00:12:20.738  INFO 2188 --- [restartedMain] o.s.s.c.ThreadPoolTaskScheduler          : Initializing ExecutorService 'taskScheduler'
2019-08-19 00:12:20.768  INFO 2188 --- [restartedMain] o.s.s.web.DefaultSecurityFilterChain     : Creating filter chain: Ant [pattern='/css/**'], []
2019-08-19 00:12:20.768  INFO 2188 --- [restartedMain] o.s.s.web.DefaultSecurityFilterChain     : Creating filter chain: Ant [pattern='/js/**'], []
2019-08-19 00:12:20.768  INFO 2188 --- [restartedMain] o.s.s.web.DefaultSecurityFilterChain     : Creating filter chain: Ant [pattern='/images/**'], []
2019-08-19 00:12:20.820  INFO 2188 --- [restartedMain] o.s.s.web.DefaultSecurityFilterChain     : Creating filter chain: any request, [org.springframework.security.web.context.request.async.WebAsyncManagerIntegrationFilter@1fb0cc1f, org.springframework.security.web.context.SecurityContextPersistenceFilter@19413cdf, org.springframework.security.web.header.HeaderWriterFilter@19923e63, org.springframework.web.filter.CorsFilter@7e50c8e0, org.springframework.security.web.csrf.CsrfFilter@27959eaa, org.springframework.security.web.authentication.logout.LogoutFilter@1951f3ac, org.springframework.security.web.authentication.UsernamePasswordAuthenticationFilter@1601e183, org.springframework.security.web.savedrequest.RequestCacheAwareFilter@57d3e86a, org.springframework.security.web.servletapi.SecurityContextHolderAwareRequestFilter@5fbab5d5, org.springframework.security.web.authentication.AnonymousAuthenticationFilter@119c909d, org.springframework.security.web.session.SessionManagementFilter@122a80fe, org.springframework.security.web.access.ExceptionTranslationFilter@4f802b86, org.springframework.security.web.access.intercept.FilterSecurityInterceptor@6e71ee1f]
2019-08-19 00:12:21.028  INFO 2188 --- [restartedMain] o.s.s.concurrent.ThreadPoolTaskExecutor  : Initializing ExecutorService 'applicationTaskExecutor'
2019-08-19 00:12:21.051  WARN 2188 --- [restartedMain] aWebConfiguration$JpaWebMvcConfiguration : spring.jpa.open-in-view is enabled by default. Therefore, database queries may be performed during view rendering. Explicitly configure spring.jpa.open-in-view to disable this warning
2019-08-19 00:12:21.128  WARN 2188 --- [restartedMain] org.thymeleaf.templatemode.TemplateMode  : [THYMELEAF][restartedMain] Template Mode 'HTML5' is deprecated. Using Template Mode 'HTML' instead.
2019-08-19 00:12:21.156  INFO 2188 --- [restartedMain] o.s.b.a.w.s.WelcomePageHandlerMapping    : Adding welcome page template: index
2019-08-19 00:12:21.323  INFO 2188 --- [restartedMain] o.s.b.w.embedded.tomcat.TomcatWebServer  : Tomcat started on port(s): 8081 (http) with context path ''
2019-08-19 00:12:21.325  INFO 2188 --- [restartedMain] com.demo.Application                     : Started Application in 3.039 seconds (JVM running for 445.597)
2019-08-19 00:12:21.330  INFO 2188 --- [restartedMain] .ConditionEvaluationDeltaLoggingListener : Condition evaluation unchanged
2019-08-19 00:12:22.708  INFO 2188 --- [Thread-35] o.s.s.concurrent.ThreadPoolTaskExecutor  : Shutting down ExecutorService 'applicationTaskExecutor'
2019-08-19 00:12:22.708  INFO 2188 --- [Thread-35] o.s.s.c.ThreadPoolTaskScheduler          : Shutting down ExecutorService 'taskScheduler'
2019-08-19 00:12:22.712  INFO 2188 --- [Thread-35] org.mongodb.driver.connection            : Closed connection [connectionId{localValue:4, serverValue:166}] to localhost:27017 because the pool has been closed.
2019-08-19 00:12:22.713  INFO 2188 --- [Thread-35] j.LocalContainerEntityManagerFactoryBean : Closing JPA EntityManagerFactory for persistence unit 'default'
2019-08-19 00:12:22.714  INFO 2188 --- [Thread-35] com.zaxxer.hikari.HikariDataSource       : HikariPool-2 - Shutdown initiated...
2019-08-19 00:12:22.725  INFO 2188 --- [Thread-35] com.zaxxer.hikari.HikariDataSource       : HikariPool-2 - Shutdown completed.
2019-08-19 00:12:23.272  INFO 2188 --- [restartedMain] com.demo.Application                     : Starting Application on DESKTOP-RRC9P7A with PID 2188 (E:\Study\Springboot\summerinternship\target\classes started by Admin in E:\Study\Springboot\summerinternship)
2019-08-19 00:12:23.272  INFO 2188 --- [restartedMain] com.demo.Application                     : No active profile set, falling back to default profiles: default
2019-08-19 00:12:23.793  INFO 2188 --- [restartedMain] .s.d.r.c.RepositoryConfigurationDelegate : Multiple Spring Data modules found, entering strict repository configuration mode!
2019-08-19 00:12:23.793  INFO 2188 --- [restartedMain] .s.d.r.c.RepositoryConfigurationDelegate : Bootstrapping Spring Data repositories in DEFAULT mode.
2019-08-19 00:12:23.817  INFO 2188 --- [restartedMain] .RepositoryConfigurationExtensionSupport : Spring Data JPA - Could not safely identify store assignment for repository candidate interface com.demo.repository.EmployeeRepository.
2019-08-19 00:12:23.829  INFO 2188 --- [restartedMain] .s.d.r.c.RepositoryConfigurationDelegate : Finished Spring Data repository scanning in 35ms. Found 2 repository interfaces.
2019-08-19 00:12:23.841  INFO 2188 --- [restartedMain] .s.d.r.c.RepositoryConfigurationDelegate : Multiple Spring Data modules found, entering strict repository configuration mode!
2019-08-19 00:12:23.841  INFO 2188 --- [restartedMain] .s.d.r.c.RepositoryConfigurationDelegate : Bootstrapping Spring Data repositories in DEFAULT mode.
2019-08-19 00:12:23.849  INFO 2188 --- [restartedMain] .RepositoryConfigurationExtensionSupport : Spring Data MongoDB - Could not safely identify store assignment for repository candidate interface com.demo.repository.CategoryRepository.
2019-08-19 00:12:23.851  INFO 2188 --- [restartedMain] .RepositoryConfigurationExtensionSupport : Spring Data MongoDB - Could not safely identify store assignment for repository candidate interface com.demo.repository.UserRepository.
2019-08-19 00:12:23.857  INFO 2188 --- [restartedMain] .s.d.r.c.RepositoryConfigurationDelegate : Finished Spring Data repository scanning in 16ms. Found 1 repository interfaces.
2019-08-19 00:12:24.033  INFO 2188 --- [restartedMain] trationDelegate$BeanPostProcessorChecker : Bean 'org.springframework.transaction.annotation.ProxyTransactionManagementConfiguration' of type [org.springframework.transaction.annotation.ProxyTransactionManagementConfiguration$$EnhancerBySpringCGLIB$$15c1d2b0] is not eligible for getting processed by all BeanPostProcessors (for example: not eligible for auto-proxying)
2019-08-19 00:12:24.042  INFO 2188 --- [restartedMain] trationDelegate$BeanPostProcessorChecker : Bean 'org.springframework.security.config.annotation.configuration.ObjectPostProcessorConfiguration' of type [org.springframework.security.config.annotation.configuration.ObjectPostProcessorConfiguration$$EnhancerBySpringCGLIB$$ae6f9aea] is not eligible for getting processed by all BeanPostProcessors (for example: not eligible for auto-proxying)
2019-08-19 00:12:24.044  INFO 2188 --- [restartedMain] trationDelegate$BeanPostProcessorChecker : Bean 'objectPostProcessor' of type [org.springframework.security.config.annotation.configuration.AutowireBeanFactoryObjectPostProcessor] is not eligible for getting processed by all BeanPostProcessors (for example: not eligible for auto-proxying)
2019-08-19 00:12:24.046  INFO 2188 --- [restartedMain] trationDelegate$BeanPostProcessorChecker : Bean 'org.springframework.security.access.expression.method.DefaultMethodSecurityExpressionHandler@7cf32f3a' of type [org.springframework.security.oauth2.provider.expression.OAuth2MethodSecurityExpressionHandler] is not eligible for getting processed by all BeanPostProcessors (for example: not eligible for auto-proxying)
2019-08-19 00:12:24.051  INFO 2188 --- [restartedMain] trationDelegate$BeanPostProcessorChecker : Bean 'org.springframework.security.config.annotation.method.configuration.GlobalMethodSecurityConfiguration' of type [org.springframework.security.config.annotation.method.configuration.GlobalMethodSecurityConfiguration$$EnhancerBySpringCGLIB$$d3443d9c] is not eligible for getting processed by all BeanPostProcessors (for example: not eligible for auto-proxying)
2019-08-19 00:12:24.052  INFO 2188 --- [restartedMain] trationDelegate$BeanPostProcessorChecker : Bean 'methodSecurityMetadataSource' of type [org.springframework.security.access.method.DelegatingMethodSecurityMetadataSource] is not eligible for getting processed by all BeanPostProcessors (for example: not eligible for auto-proxying)
2019-08-19 00:12:24.373  INFO 2188 --- [restartedMain] o.s.b.w.embedded.tomcat.TomcatWebServer  : Tomcat initialized with port(s): 8081 (http)
2019-08-19 00:12:24.374  INFO 2188 --- [restartedMain] o.apache.catalina.core.StandardService   : Starting service [Tomcat]
2019-08-19 00:12:24.375  INFO 2188 --- [restartedMain] org.apache.catalina.core.StandardEngine  : Starting Servlet engine: [Apache Tomcat/9.0.19]
2019-08-19 00:12:24.405  INFO 2188 --- [restartedMain] o.a.c.c.C.[Tomcat].[localhost].[/]       : Initializing Spring embedded WebApplicationContext
2019-08-19 00:12:24.405  INFO 2188 --- [restartedMain] o.s.web.context.ContextLoader            : Root WebApplicationContext: initialization completed in 1130 ms
2019-08-19 00:12:24.609  INFO 2188 --- [restartedMain] com.zaxxer.hikari.HikariDataSource       : HikariPool-3 - Starting...
2019-08-19 00:12:24.609  WARN 2188 --- [restartedMain] com.zaxxer.hikari.util.DriverDataSource  : Registered driver with driverClassName=com.mysql.jdbc.Driver was not found, trying direct instantiation.
2019-08-19 00:12:24.617  INFO 2188 --- [restartedMain] com.zaxxer.hikari.HikariDataSource       : HikariPool-3 - Start completed.
2019-08-19 00:12:24.639  INFO 2188 --- [restartedMain] o.hibernate.jpa.internal.util.LogHelper  : HHH000204: Processing PersistenceUnitInfo [
	name: default
	...]
2019-08-19 00:12:24.671  INFO 2188 --- [restartedMain] org.hibernate.dialect.Dialect            : HHH000400: Using dialect: org.hibernate.dialect.MySQLDialect
2019-08-19 00:12:24.866  INFO 2188 --- [restartedMain] j.LocalContainerEntityManagerFactoryBean : Initialized JPA EntityManagerFactory for persistence unit 'default'
2019-08-19 00:12:25.034  INFO 2188 --- [restartedMain] org.mongodb.driver.cluster               : Cluster created with settings {hosts=[localhost:27017], mode=MULTIPLE, requiredClusterType=UNKNOWN, serverSelectionTimeout='30000 ms', maxWaitQueueSize=500}
2019-08-19 00:12:25.035  INFO 2188 --- [restartedMain] org.mongodb.driver.cluster               : Adding discovered server localhost:27017 to client view of cluster
2019-08-19 00:12:25.052  INFO 2188 --- [cluster-ClusterId{value='5d5986f98a0438088c2e9ba3', description='null'}-localhost:27017] org.mongodb.driver.connection            : Opened connection [connectionId{localValue:5, serverValue:167}] to localhost:27017
2019-08-19 00:12:25.055  INFO 2188 --- [cluster-ClusterId{value='5d5986f98a0438088c2e9ba3', description='null'}-localhost:27017] org.mongodb.driver.cluster               : Monitor thread successfully connected to server with description ServerDescription{address=localhost:27017, type=STANDALONE, state=CONNECTED, ok=true, version=ServerVersion{versionList=[4, 0, 9]}, minWireVersion=0, maxWireVersion=7, maxDocumentSize=16777216, logicalSessionTimeoutMinutes=30, roundTripTimeNanos=734394}
2019-08-19 00:12:25.056  INFO 2188 --- [cluster-ClusterId{value='5d5986f98a0438088c2e9ba3', description='null'}-localhost:27017] org.mongodb.driver.cluster               : Discovered cluster type of STANDALONE
2019-08-19 00:12:25.111  INFO 2188 --- [restartedMain] o.s.b.d.a.OptionalLiveReloadServer       : LiveReload server is running on port 35729
2019-08-19 00:12:25.150  INFO 2188 --- [restartedMain] org.mongodb.driver.connection            : Opened connection [connectionId{localValue:6, serverValue:168}] to localhost:27017
2019-08-19 00:12:25.213  INFO 2188 --- [restartedMain] o.h.h.i.QueryTranslatorFactoryInitiator  : HHH000397: Using ASTQueryTranslatorFactory
2019-08-19 00:12:25.351  WARN 2188 --- [restartedMain] org.apache.velocity.deprecation          : configuration key 'class.resource.loader.class' has been deprecated in favor of 'resource.loader.class.class'
2019-08-19 00:12:25.351  WARN 2188 --- [restartedMain] org.apache.velocity.deprecation          : configuration key 'resource.loader' has been deprecated in favor of 'resource.loaders'
2019-08-19 00:12:25.388  INFO 2188 --- [restartedMain] o.s.s.c.ThreadPoolTaskScheduler          : Initializing ExecutorService 'taskScheduler'
2019-08-19 00:12:25.421  INFO 2188 --- [restartedMain] o.s.s.web.DefaultSecurityFilterChain     : Creating filter chain: Ant [pattern='/css/**'], []
2019-08-19 00:12:25.421  INFO 2188 --- [restartedMain] o.s.s.web.DefaultSecurityFilterChain     : Creating filter chain: Ant [pattern='/js/**'], []
2019-08-19 00:12:25.421  INFO 2188 --- [restartedMain] o.s.s.web.DefaultSecurityFilterChain     : Creating filter chain: Ant [pattern='/images/**'], []
2019-08-19 00:12:25.451  INFO 2188 --- [restartedMain] o.s.s.web.DefaultSecurityFilterChain     : Creating filter chain: any request, [org.springframework.security.web.context.request.async.WebAsyncManagerIntegrationFilter@40dd03a7, org.springframework.security.web.context.SecurityContextPersistenceFilter@46a0caf0, org.springframework.security.web.header.HeaderWriterFilter@1a8467dd, org.springframework.web.filter.CorsFilter@5fe47d8e, org.springframework.security.web.csrf.CsrfFilter@3b2da55f, org.springframework.security.web.authentication.logout.LogoutFilter@231a1796, org.springframework.security.web.authentication.UsernamePasswordAuthenticationFilter@5ea0920d, org.springframework.security.web.savedrequest.RequestCacheAwareFilter@6e331ea, org.springframework.security.web.servletapi.SecurityContextHolderAwareRequestFilter@3fe00464, org.springframework.security.web.authentication.AnonymousAuthenticationFilter@1f289547, org.springframework.security.web.session.SessionManagementFilter@10f182ec, org.springframework.security.web.access.ExceptionTranslationFilter@700610ae, org.springframework.security.web.access.intercept.FilterSecurityInterceptor@35254062]
2019-08-19 00:12:25.602  INFO 2188 --- [restartedMain] o.s.s.concurrent.ThreadPoolTaskExecutor  : Initializing ExecutorService 'applicationTaskExecutor'
2019-08-19 00:12:25.623  WARN 2188 --- [restartedMain] aWebConfiguration$JpaWebMvcConfiguration : spring.jpa.open-in-view is enabled by default. Therefore, database queries may be performed during view rendering. Explicitly configure spring.jpa.open-in-view to disable this warning
2019-08-19 00:12:25.693  WARN 2188 --- [restartedMain] org.thymeleaf.templatemode.TemplateMode  : [THYMELEAF][restartedMain] Template Mode 'HTML5' is deprecated. Using Template Mode 'HTML' instead.
2019-08-19 00:12:25.711  INFO 2188 --- [restartedMain] o.s.b.a.w.s.WelcomePageHandlerMapping    : Adding welcome page template: index
2019-08-19 00:12:25.811  INFO 2188 --- [restartedMain] o.s.b.w.embedded.tomcat.TomcatWebServer  : Tomcat started on port(s): 8081 (http) with context path ''
2019-08-19 00:12:25.812  INFO 2188 --- [restartedMain] com.demo.Application                     : Started Application in 2.587 seconds (JVM running for 450.084)
2019-08-19 00:12:25.816  INFO 2188 --- [restartedMain] .ConditionEvaluationDeltaLoggingListener : Condition evaluation unchanged
2019-08-19 00:14:49.746  INFO 2188 --- [Thread-41] o.s.s.concurrent.ThreadPoolTaskExecutor  : Shutting down ExecutorService 'applicationTaskExecutor'
2019-08-19 00:14:49.747  INFO 2188 --- [Thread-41] o.s.s.c.ThreadPoolTaskScheduler          : Shutting down ExecutorService 'taskScheduler'
2019-08-19 00:14:49.750  INFO 2188 --- [Thread-41] org.mongodb.driver.connection            : Closed connection [connectionId{localValue:6, serverValue:168}] to localhost:27017 because the pool has been closed.
2019-08-19 00:14:49.751  INFO 2188 --- [Thread-41] j.LocalContainerEntityManagerFactoryBean : Closing JPA EntityManagerFactory for persistence unit 'default'
2019-08-19 00:14:49.752  INFO 2188 --- [Thread-41] com.zaxxer.hikari.HikariDataSource       : HikariPool-3 - Shutdown initiated...
2019-08-19 00:14:49.758  INFO 2188 --- [Thread-41] com.zaxxer.hikari.HikariDataSource       : HikariPool-3 - Shutdown completed.
2019-08-19 00:14:50.289  INFO 2188 --- [restartedMain] com.demo.Application                     : Starting Application on DESKTOP-RRC9P7A with PID 2188 (E:\Study\Springboot\summerinternship\target\classes started by Admin in E:\Study\Springboot\summerinternship)
2019-08-19 00:14:50.290  INFO 2188 --- [restartedMain] com.demo.Application                     : No active profile set, falling back to default profiles: default
2019-08-19 00:14:51.160  INFO 2188 --- [restartedMain] .s.d.r.c.RepositoryConfigurationDelegate : Multiple Spring Data modules found, entering strict repository configuration mode!
2019-08-19 00:14:51.161  INFO 2188 --- [restartedMain] .s.d.r.c.RepositoryConfigurationDelegate : Bootstrapping Spring Data repositories in DEFAULT mode.
2019-08-19 00:14:51.194  INFO 2188 --- [restartedMain] .RepositoryConfigurationExtensionSupport : Spring Data JPA - Could not safely identify store assignment for repository candidate interface com.demo.repository.EmployeeRepository.
2019-08-19 00:14:51.210  INFO 2188 --- [restartedMain] .s.d.r.c.RepositoryConfigurationDelegate : Finished Spring Data repository scanning in 49ms. Found 2 repository interfaces.
2019-08-19 00:14:51.223  INFO 2188 --- [restartedMain] .s.d.r.c.RepositoryConfigurationDelegate : Multiple Spring Data modules found, entering strict repository configuration mode!
2019-08-19 00:14:51.224  INFO 2188 --- [restartedMain] .s.d.r.c.RepositoryConfigurationDelegate : Bootstrapping Spring Data repositories in DEFAULT mode.
2019-08-19 00:14:51.234  INFO 2188 --- [restartedMain] .RepositoryConfigurationExtensionSupport : Spring Data MongoDB - Could not safely identify store assignment for repository candidate interface com.demo.repository.CategoryRepository.
2019-08-19 00:14:51.236  INFO 2188 --- [restartedMain] .RepositoryConfigurationExtensionSupport : Spring Data MongoDB - Could not safely identify store assignment for repository candidate interface com.demo.repository.UserRepository.
2019-08-19 00:14:51.255  INFO 2188 --- [restartedMain] .s.d.r.c.RepositoryConfigurationDelegate : Finished Spring Data repository scanning in 30ms. Found 1 repository interfaces.
2019-08-19 00:14:51.444  INFO 2188 --- [restartedMain] trationDelegate$BeanPostProcessorChecker : Bean 'org.springframework.transaction.annotation.ProxyTransactionManagementConfiguration' of type [org.springframework.transaction.annotation.ProxyTransactionManagementConfiguration$$EnhancerBySpringCGLIB$$15c1d2b0] is not eligible for getting processed by all BeanPostProcessors (for example: not eligible for auto-proxying)
2019-08-19 00:14:51.448  INFO 2188 --- [restartedMain] trationDelegate$BeanPostProcessorChecker : Bean 'org.springframework.security.config.annotation.configuration.ObjectPostProcessorConfiguration' of type [org.springframework.security.config.annotation.configuration.ObjectPostProcessorConfiguration$$EnhancerBySpringCGLIB$$ae6f9aea] is not eligible for getting processed by all BeanPostProcessors (for example: not eligible for auto-proxying)
2019-08-19 00:14:51.449  INFO 2188 --- [restartedMain] trationDelegate$BeanPostProcessorChecker : Bean 'objectPostProcessor' of type [org.springframework.security.config.annotation.configuration.AutowireBeanFactoryObjectPostProcessor] is not eligible for getting processed by all BeanPostProcessors (for example: not eligible for auto-proxying)
2019-08-19 00:14:51.450  INFO 2188 --- [restartedMain] trationDelegate$BeanPostProcessorChecker : Bean 'org.springframework.security.access.expression.method.DefaultMethodSecurityExpressionHandler@167ad714' of type [org.springframework.security.oauth2.provider.expression.OAuth2MethodSecurityExpressionHandler] is not eligible for getting processed by all BeanPostProcessors (for example: not eligible for auto-proxying)
2019-08-19 00:14:51.453  INFO 2188 --- [restartedMain] trationDelegate$BeanPostProcessorChecker : Bean 'org.springframework.security.config.annotation.method.configuration.GlobalMethodSecurityConfiguration' of type [org.springframework.security.config.annotation.method.configuration.GlobalMethodSecurityConfiguration$$EnhancerBySpringCGLIB$$d3443d9c] is not eligible for getting processed by all BeanPostProcessors (for example: not eligible for auto-proxying)
2019-08-19 00:14:51.454  INFO 2188 --- [restartedMain] trationDelegate$BeanPostProcessorChecker : Bean 'methodSecurityMetadataSource' of type [org.springframework.security.access.method.DelegatingMethodSecurityMetadataSource] is not eligible for getting processed by all BeanPostProcessors (for example: not eligible for auto-proxying)
2019-08-19 00:14:51.639  INFO 2188 --- [restartedMain] o.s.b.w.embedded.tomcat.TomcatWebServer  : Tomcat initialized with port(s): 8081 (http)
2019-08-19 00:14:51.640  INFO 2188 --- [restartedMain] o.apache.catalina.core.StandardService   : Starting service [Tomcat]
2019-08-19 00:14:51.641  INFO 2188 --- [restartedMain] org.apache.catalina.core.StandardEngine  : Starting Servlet engine: [Apache Tomcat/9.0.19]
2019-08-19 00:14:51.673  INFO 2188 --- [restartedMain] o.a.c.c.C.[Tomcat].[localhost].[/]       : Initializing Spring embedded WebApplicationContext
2019-08-19 00:14:51.674  INFO 2188 --- [restartedMain] o.s.web.context.ContextLoader            : Root WebApplicationContext: initialization completed in 1381 ms
2019-08-19 00:14:51.805  INFO 2188 --- [restartedMain] com.zaxxer.hikari.HikariDataSource       : HikariPool-4 - Starting...
2019-08-19 00:14:51.805  WARN 2188 --- [restartedMain] com.zaxxer.hikari.util.DriverDataSource  : Registered driver with driverClassName=com.mysql.jdbc.Driver was not found, trying direct instantiation.
2019-08-19 00:14:51.808  INFO 2188 --- [restartedMain] com.zaxxer.hikari.HikariDataSource       : HikariPool-4 - Start completed.
2019-08-19 00:14:51.822  INFO 2188 --- [restartedMain] o.hibernate.jpa.internal.util.LogHelper  : HHH000204: Processing PersistenceUnitInfo [
	name: default
	...]
2019-08-19 00:14:51.853  INFO 2188 --- [restartedMain] org.hibernate.dialect.Dialect            : HHH000400: Using dialect: org.hibernate.dialect.MySQLDialect
2019-08-19 00:14:51.969  INFO 2188 --- [restartedMain] j.LocalContainerEntityManagerFactoryBean : Initialized JPA EntityManagerFactory for persistence unit 'default'
2019-08-19 00:14:51.989  WARN 2188 --- [restartedMain] ConfigServletWebServerApplicationContext : Exception encountered during context initialization - cancelling refresh attempt: org.springframework.beans.factory.UnsatisfiedDependencyException: Error creating bean with name 'categoryApiImpl' defined in file [E:\Study\Springboot\summerinternship\target\classes\com\demo\api\impl\CategoryApiImpl.class]: Unsatisfied dependency expressed through constructor parameter 0; nested exception is org.springframework.beans.factory.NoSuchBeanDefinitionException: No qualifying bean of type 'com.demo.service.CategoryService' available: expected at least 1 bean which qualifies as autowire candidate. Dependency annotations: {}
2019-08-19 00:14:51.989  INFO 2188 --- [restartedMain] j.LocalContainerEntityManagerFactoryBean : Closing JPA EntityManagerFactory for persistence unit 'default'
2019-08-19 00:14:51.990  INFO 2188 --- [restartedMain] com.zaxxer.hikari.HikariDataSource       : HikariPool-4 - Shutdown initiated...
2019-08-19 00:14:51.999  INFO 2188 --- [restartedMain] com.zaxxer.hikari.HikariDataSource       : HikariPool-4 - Shutdown completed.
2019-08-19 00:14:52.000  INFO 2188 --- [restartedMain] o.apache.catalina.core.StandardService   : Stopping service [Tomcat]
2019-08-19 00:14:52.010  INFO 2188 --- [restartedMain] ConditionEvaluationReportLoggingListener : 

Error starting ApplicationContext. To display the conditions report re-run your application with 'debug' enabled.
2019-08-19 00:14:52.534 ERROR 2188 --- [restartedMain] o.s.b.d.LoggingFailureAnalysisReporter   : 

***************************
APPLICATION FAILED TO START
***************************

Description:

Parameter 0 of constructor in com.demo.api.impl.CategoryApiImpl required a bean of type 'com.demo.service.CategoryService' that could not be found.


Action:

Consider defining a bean of type 'com.demo.service.CategoryService' in your configuration.

2019-08-19 00:17:44.731  INFO 11348 --- [restartedMain] com.demo.Application                     : Starting Application on DESKTOP-RRC9P7A with PID 11348 (E:\Study\Springboot\summerinternship\target\classes started by Admin in E:\Study\Springboot\summerinternship)
2019-08-19 00:17:44.737  INFO 11348 --- [restartedMain] com.demo.Application                     : No active profile set, falling back to default profiles: default
2019-08-19 00:17:45.229  INFO 11348 --- [restartedMain] .e.DevToolsPropertyDefaultsPostProcessor : Devtools property defaults active! Set 'spring.devtools.add-properties' to 'false' to disable
2019-08-19 00:17:45.229  INFO 11348 --- [restartedMain] .e.DevToolsPropertyDefaultsPostProcessor : For additional web related logging consider setting the 'logging.level.web' property to 'DEBUG'
2019-08-19 00:17:47.800  INFO 11348 --- [restartedMain] .s.d.r.c.RepositoryConfigurationDelegate : Multiple Spring Data modules found, entering strict repository configuration mode!
2019-08-19 00:17:47.801  INFO 11348 --- [restartedMain] .s.d.r.c.RepositoryConfigurationDelegate : Bootstrapping Spring Data repositories in DEFAULT mode.
2019-08-19 00:17:47.939  INFO 11348 --- [restartedMain] .RepositoryConfigurationExtensionSupport : Spring Data JPA - Could not safely identify store assignment for repository candidate interface com.demo.repository.EmployeeRepository.
2019-08-19 00:17:47.976  INFO 11348 --- [restartedMain] .s.d.r.c.RepositoryConfigurationDelegate : Finished Spring Data repository scanning in 162ms. Found 2 repository interfaces.
2019-08-19 00:17:48.010  INFO 11348 --- [restartedMain] .s.d.r.c.RepositoryConfigurationDelegate : Multiple Spring Data modules found, entering strict repository configuration mode!
2019-08-19 00:17:48.010  INFO 11348 --- [restartedMain] .s.d.r.c.RepositoryConfigurationDelegate : Bootstrapping Spring Data repositories in DEFAULT mode.
2019-08-19 00:17:48.019  INFO 11348 --- [restartedMain] .RepositoryConfigurationExtensionSupport : Spring Data MongoDB - Could not safely identify store assignment for repository candidate interface com.demo.repository.CategoryRepository.
2019-08-19 00:17:48.023  INFO 11348 --- [restartedMain] .RepositoryConfigurationExtensionSupport : Spring Data MongoDB - Could not safely identify store assignment for repository candidate interface com.demo.repository.UserRepository.
2019-08-19 00:17:48.031  INFO 11348 --- [restartedMain] .s.d.r.c.RepositoryConfigurationDelegate : Finished Spring Data repository scanning in 20ms. Found 1 repository interfaces.
2019-08-19 00:17:48.680  INFO 11348 --- [restartedMain] trationDelegate$BeanPostProcessorChecker : Bean 'org.springframework.transaction.annotation.ProxyTransactionManagementConfiguration' of type [org.springframework.transaction.annotation.ProxyTransactionManagementConfiguration$$EnhancerBySpringCGLIB$$95854880] is not eligible for getting processed by all BeanPostProcessors (for example: not eligible for auto-proxying)
2019-08-19 00:17:48.729  INFO 11348 --- [restartedMain] trationDelegate$BeanPostProcessorChecker : Bean 'org.springframework.security.config.annotation.configuration.ObjectPostProcessorConfiguration' of type [org.springframework.security.config.annotation.configuration.ObjectPostProcessorConfiguration$$EnhancerBySpringCGLIB$$2e3310ba] is not eligible for getting processed by all BeanPostProcessors (for example: not eligible for auto-proxying)
2019-08-19 00:17:48.735  INFO 11348 --- [restartedMain] trationDelegate$BeanPostProcessorChecker : Bean 'objectPostProcessor' of type [org.springframework.security.config.annotation.configuration.AutowireBeanFactoryObjectPostProcessor] is not eligible for getting processed by all BeanPostProcessors (for example: not eligible for auto-proxying)
2019-08-19 00:17:48.740  INFO 11348 --- [restartedMain] trationDelegate$BeanPostProcessorChecker : Bean 'org.springframework.security.access.expression.method.DefaultMethodSecurityExpressionHandler@3f34599f' of type [org.springframework.security.oauth2.provider.expression.OAuth2MethodSecurityExpressionHandler] is not eligible for getting processed by all BeanPostProcessors (for example: not eligible for auto-proxying)
2019-08-19 00:17:48.747  INFO 11348 --- [restartedMain] trationDelegate$BeanPostProcessorChecker : Bean 'org.springframework.security.config.annotation.method.configuration.GlobalMethodSecurityConfiguration' of type [org.springframework.security.config.annotation.method.configuration.GlobalMethodSecurityConfiguration$$EnhancerBySpringCGLIB$$5307b36c] is not eligible for getting processed by all BeanPostProcessors (for example: not eligible for auto-proxying)
2019-08-19 00:17:48.751  INFO 11348 --- [restartedMain] trationDelegate$BeanPostProcessorChecker : Bean 'methodSecurityMetadataSource' of type [org.springframework.security.access.method.DelegatingMethodSecurityMetadataSource] is not eligible for getting processed by all BeanPostProcessors (for example: not eligible for auto-proxying)
2019-08-19 00:17:49.424  INFO 11348 --- [restartedMain] o.s.b.w.embedded.tomcat.TomcatWebServer  : Tomcat initialized with port(s): 8081 (http)
2019-08-19 00:17:49.467  INFO 11348 --- [restartedMain] o.apache.catalina.core.StandardService   : Starting service [Tomcat]
2019-08-19 00:17:49.468  INFO 11348 --- [restartedMain] org.apache.catalina.core.StandardEngine  : Starting Servlet engine: [Apache Tomcat/9.0.19]
2019-08-19 00:17:49.613  INFO 11348 --- [restartedMain] o.a.c.c.C.[Tomcat].[localhost].[/]       : Initializing Spring embedded WebApplicationContext
2019-08-19 00:17:49.613  INFO 11348 --- [restartedMain] o.s.web.context.ContextLoader            : Root WebApplicationContext: initialization completed in 4383 ms
2019-08-19 00:17:49.870  INFO 11348 --- [restartedMain] com.zaxxer.hikari.HikariDataSource       : HikariPool-1 - Starting...
2019-08-19 00:17:49.871  WARN 11348 --- [restartedMain] com.zaxxer.hikari.util.DriverDataSource  : Registered driver with driverClassName=com.mysql.jdbc.Driver was not found, trying direct instantiation.
2019-08-19 00:17:50.030  INFO 11348 --- [restartedMain] com.zaxxer.hikari.HikariDataSource       : HikariPool-1 - Start completed.
2019-08-19 00:17:50.090  INFO 11348 --- [restartedMain] o.hibernate.jpa.internal.util.LogHelper  : HHH000204: Processing PersistenceUnitInfo [
	name: default
	...]
2019-08-19 00:17:50.188  INFO 11348 --- [restartedMain] org.hibernate.Version                    : HHH000412: Hibernate Core {5.3.10.Final}
2019-08-19 00:17:50.190  INFO 11348 --- [restartedMain] org.hibernate.cfg.Environment            : HHH000206: hibernate.properties not found
2019-08-19 00:17:50.387  INFO 11348 --- [restartedMain] o.hibernate.annotations.common.Version   : HCANN000001: Hibernate Commons Annotations {5.0.4.Final}
2019-08-19 00:17:50.760  INFO 11348 --- [restartedMain] org.hibernate.dialect.Dialect            : HHH000400: Using dialect: org.hibernate.dialect.MySQLDialect
2019-08-19 00:17:51.875  INFO 11348 --- [restartedMain] j.LocalContainerEntityManagerFactoryBean : Initialized JPA EntityManagerFactory for persistence unit 'default'
2019-08-19 00:17:52.764  INFO 11348 --- [restartedMain] org.mongodb.driver.cluster               : Cluster created with settings {hosts=[localhost:27017], mode=MULTIPLE, requiredClusterType=UNKNOWN, serverSelectionTimeout='30000 ms', maxWaitQueueSize=500}
2019-08-19 00:17:52.765  INFO 11348 --- [restartedMain] org.mongodb.driver.cluster               : Adding discovered server localhost:27017 to client view of cluster
2019-08-19 00:17:52.858  INFO 11348 --- [cluster-ClusterId{value='5d5988408a04382c5470c3ed', description='null'}-localhost:27017] org.mongodb.driver.connection            : Opened connection [connectionId{localValue:1, serverValue:169}] to localhost:27017
2019-08-19 00:17:52.865  INFO 11348 --- [cluster-ClusterId{value='5d5988408a04382c5470c3ed', description='null'}-localhost:27017] org.mongodb.driver.cluster               : Monitor thread successfully connected to server with description ServerDescription{address=localhost:27017, type=STANDALONE, state=CONNECTED, ok=true, version=ServerVersion{versionList=[4, 0, 9]}, minWireVersion=0, maxWireVersion=7, maxDocumentSize=16777216, logicalSessionTimeoutMinutes=30, roundTripTimeNanos=4906660}
2019-08-19 00:17:52.867  INFO 11348 --- [cluster-ClusterId{value='5d5988408a04382c5470c3ed', description='null'}-localhost:27017] org.mongodb.driver.cluster               : Discovered cluster type of STANDALONE
2019-08-19 00:17:53.035  INFO 11348 --- [restartedMain] o.s.b.d.a.OptionalLiveReloadServer       : LiveReload server is running on port 35729
2019-08-19 00:17:53.454  INFO 11348 --- [restartedMain] org.mongodb.driver.connection            : Opened connection [connectionId{localValue:2, serverValue:170}] to localhost:27017
2019-08-19 00:17:53.728  INFO 11348 --- [restartedMain] o.h.h.i.QueryTranslatorFactoryInitiator  : HHH000397: Using ASTQueryTranslatorFactory
2019-08-19 00:17:54.013  WARN 11348 --- [restartedMain] org.apache.velocity.deprecation          : configuration key 'class.resource.loader.class' has been deprecated in favor of 'resource.loader.class.class'
2019-08-19 00:17:54.013  WARN 11348 --- [restartedMain] org.apache.velocity.deprecation          : configuration key 'resource.loader' has been deprecated in favor of 'resource.loaders'
2019-08-19 00:17:54.150  INFO 11348 --- [restartedMain] o.s.s.c.ThreadPoolTaskScheduler          : Initializing ExecutorService 'taskScheduler'
2019-08-19 00:17:54.306  INFO 11348 --- [restartedMain] o.s.s.web.DefaultSecurityFilterChain     : Creating filter chain: Ant [pattern='/css/**'], []
2019-08-19 00:17:54.307  INFO 11348 --- [restartedMain] o.s.s.web.DefaultSecurityFilterChain     : Creating filter chain: Ant [pattern='/js/**'], []
2019-08-19 00:17:54.307  INFO 11348 --- [restartedMain] o.s.s.web.DefaultSecurityFilterChain     : Creating filter chain: Ant [pattern='/images/**'], []
2019-08-19 00:17:54.394  INFO 11348 --- [restartedMain] o.s.s.web.DefaultSecurityFilterChain     : Creating filter chain: any request, [org.springframework.security.web.context.request.async.WebAsyncManagerIntegrationFilter@17625287, org.springframework.security.web.context.SecurityContextPersistenceFilter@79710469, org.springframework.security.web.header.HeaderWriterFilter@e4130fc, org.springframework.web.filter.CorsFilter@793d34a, org.springframework.security.web.csrf.CsrfFilter@38c0357f, org.springframework.security.web.authentication.logout.LogoutFilter@2666af3, org.springframework.security.web.authentication.UsernamePasswordAuthenticationFilter@6943af8, org.springframework.security.web.savedrequest.RequestCacheAwareFilter@be54cd, org.springframework.security.web.servletapi.SecurityContextHolderAwareRequestFilter@56e4b338, org.springframework.security.web.authentication.AnonymousAuthenticationFilter@8622d55, org.springframework.security.web.session.SessionManagementFilter@4d463d1e, org.springframework.security.web.access.ExceptionTranslationFilter@762406ff, org.springframework.security.web.access.intercept.FilterSecurityInterceptor@6b288741]
2019-08-19 00:17:54.750  INFO 11348 --- [restartedMain] o.s.s.concurrent.ThreadPoolTaskExecutor  : Initializing ExecutorService 'applicationTaskExecutor'
2019-08-19 00:17:54.818  WARN 11348 --- [restartedMain] aWebConfiguration$JpaWebMvcConfiguration : spring.jpa.open-in-view is enabled by default. Therefore, database queries may be performed during view rendering. Explicitly configure spring.jpa.open-in-view to disable this warning
2019-08-19 00:17:54.969  WARN 11348 --- [restartedMain] org.thymeleaf.templatemode.TemplateMode  : [THYMELEAF][restartedMain] Template Mode 'HTML5' is deprecated. Using Template Mode 'HTML' instead.
2019-08-19 00:17:55.295  INFO 11348 --- [restartedMain] o.s.b.a.w.s.WelcomePageHandlerMapping    : Adding welcome page template: index
2019-08-19 00:17:55.554  INFO 11348 --- [restartedMain] o.s.b.w.embedded.tomcat.TomcatWebServer  : Tomcat started on port(s): 8081 (http) with context path ''
2019-08-19 00:17:55.559  INFO 11348 --- [restartedMain] com.demo.Application                     : Started Application in 11.556 seconds (JVM running for 14.158)
2019-08-19 00:18:50.234  INFO 11348 --- [http-nio-8081-exec-2] o.a.c.c.C.[Tomcat].[localhost].[/]       : Initializing Spring DispatcherServlet 'dispatcherServlet'
2019-08-19 00:18:50.234  INFO 11348 --- [http-nio-8081-exec-2] o.s.web.servlet.DispatcherServlet        : Initializing Servlet 'dispatcherServlet'
2019-08-19 00:18:50.248  INFO 11348 --- [http-nio-8081-exec-2] o.s.web.servlet.DispatcherServlet        : Completed initialization in 13 ms
2019-08-19 00:19:13.309  INFO 11348 --- [Thread-33] o.s.s.concurrent.ThreadPoolTaskExecutor  : Shutting down ExecutorService 'applicationTaskExecutor'
2019-08-19 00:19:13.311  INFO 11348 --- [Thread-33] o.s.s.c.ThreadPoolTaskScheduler          : Shutting down ExecutorService 'taskScheduler'
2019-08-19 00:19:13.316  INFO 11348 --- [Thread-33] org.mongodb.driver.connection            : Closed connection [connectionId{localValue:2, serverValue:170}] to localhost:27017 because the pool has been closed.
2019-08-19 00:19:13.321  INFO 11348 --- [Thread-33] j.LocalContainerEntityManagerFactoryBean : Closing JPA EntityManagerFactory for persistence unit 'default'
2019-08-19 00:19:13.325  INFO 11348 --- [Thread-33] com.zaxxer.hikari.HikariDataSource       : HikariPool-1 - Shutdown initiated...
2019-08-19 00:19:13.333  INFO 11348 --- [Thread-33] com.zaxxer.hikari.HikariDataSource       : HikariPool-1 - Shutdown completed.
2019-08-19 00:19:22.358  INFO 764 --- [restartedMain] com.demo.Application                     : Starting Application on DESKTOP-RRC9P7A with PID 764 (E:\Study\Springboot\summerinternship\target\classes started by Admin in E:\Study\Springboot\summerinternship)
2019-08-19 00:19:22.363  INFO 764 --- [restartedMain] com.demo.Application                     : No active profile set, falling back to default profiles: default
2019-08-19 00:19:22.730  INFO 764 --- [restartedMain] .e.DevToolsPropertyDefaultsPostProcessor : Devtools property defaults active! Set 'spring.devtools.add-properties' to 'false' to disable
2019-08-19 00:19:22.731  INFO 764 --- [restartedMain] .e.DevToolsPropertyDefaultsPostProcessor : For additional web related logging consider setting the 'logging.level.web' property to 'DEBUG'
2019-08-19 00:19:24.718  INFO 764 --- [restartedMain] .s.d.r.c.RepositoryConfigurationDelegate : Multiple Spring Data modules found, entering strict repository configuration mode!
2019-08-19 00:19:24.720  INFO 764 --- [restartedMain] .s.d.r.c.RepositoryConfigurationDelegate : Bootstrapping Spring Data repositories in DEFAULT mode.
2019-08-19 00:19:24.981  INFO 764 --- [restartedMain] .RepositoryConfigurationExtensionSupport : Spring Data JPA - Could not safely identify store assignment for repository candidate interface com.demo.repository.EmployeeRepository.
2019-08-19 00:19:25.045  INFO 764 --- [restartedMain] .s.d.r.c.RepositoryConfigurationDelegate : Finished Spring Data repository scanning in 302ms. Found 2 repository interfaces.
2019-08-19 00:19:25.098  INFO 764 --- [restartedMain] .s.d.r.c.RepositoryConfigurationDelegate : Multiple Spring Data modules found, entering strict repository configuration mode!
2019-08-19 00:19:25.099  INFO 764 --- [restartedMain] .s.d.r.c.RepositoryConfigurationDelegate : Bootstrapping Spring Data repositories in DEFAULT mode.
2019-08-19 00:19:25.111  INFO 764 --- [restartedMain] .RepositoryConfigurationExtensionSupport : Spring Data MongoDB - Could not safely identify store assignment for repository candidate interface com.demo.repository.CategoryRepository.
2019-08-19 00:19:25.122  INFO 764 --- [restartedMain] .RepositoryConfigurationExtensionSupport : Spring Data MongoDB - Could not safely identify store assignment for repository candidate interface com.demo.repository.UserRepository.
2019-08-19 00:19:25.130  INFO 764 --- [restartedMain] .s.d.r.c.RepositoryConfigurationDelegate : Finished Spring Data repository scanning in 31ms. Found 1 repository interfaces.
2019-08-19 00:19:26.095  INFO 764 --- [restartedMain] trationDelegate$BeanPostProcessorChecker : Bean 'org.springframework.transaction.annotation.ProxyTransactionManagementConfiguration' of type [org.springframework.transaction.annotation.ProxyTransactionManagementConfiguration$$EnhancerBySpringCGLIB$$863e1f6] is not eligible for getting processed by all BeanPostProcessors (for example: not eligible for auto-proxying)
2019-08-19 00:19:26.133  INFO 764 --- [restartedMain] trationDelegate$BeanPostProcessorChecker : Bean 'org.springframework.security.config.annotation.configuration.ObjectPostProcessorConfiguration' of type [org.springframework.security.config.annotation.configuration.ObjectPostProcessorConfiguration$$EnhancerBySpringCGLIB$$a111aa30] is not eligible for getting processed by all BeanPostProcessors (for example: not eligible for auto-proxying)
2019-08-19 00:19:26.141  INFO 764 --- [restartedMain] trationDelegate$BeanPostProcessorChecker : Bean 'objectPostProcessor' of type [org.springframework.security.config.annotation.configuration.AutowireBeanFactoryObjectPostProcessor] is not eligible for getting processed by all BeanPostProcessors (for example: not eligible for auto-proxying)
2019-08-19 00:19:26.147  INFO 764 --- [restartedMain] trationDelegate$BeanPostProcessorChecker : Bean 'org.springframework.security.access.expression.method.DefaultMethodSecurityExpressionHandler@13a5e71a' of type [org.springframework.security.oauth2.provider.expression.OAuth2MethodSecurityExpressionHandler] is not eligible for getting processed by all BeanPostProcessors (for example: not eligible for auto-proxying)
2019-08-19 00:19:26.153  INFO 764 --- [restartedMain] trationDelegate$BeanPostProcessorChecker : Bean 'org.springframework.security.config.annotation.method.configuration.GlobalMethodSecurityConfiguration' of type [org.springframework.security.config.annotation.method.configuration.GlobalMethodSecurityConfiguration$$EnhancerBySpringCGLIB$$c5e64ce2] is not eligible for getting processed by all BeanPostProcessors (for example: not eligible for auto-proxying)
2019-08-19 00:19:26.157  INFO 764 --- [restartedMain] trationDelegate$BeanPostProcessorChecker : Bean 'methodSecurityMetadataSource' of type [org.springframework.security.access.method.DelegatingMethodSecurityMetadataSource] is not eligible for getting processed by all BeanPostProcessors (for example: not eligible for auto-proxying)
2019-08-19 00:19:26.702  INFO 764 --- [restartedMain] o.s.b.w.embedded.tomcat.TomcatWebServer  : Tomcat initialized with port(s): 8081 (http)
2019-08-19 00:19:26.734  INFO 764 --- [restartedMain] o.apache.catalina.core.StandardService   : Starting service [Tomcat]
2019-08-19 00:19:26.734  INFO 764 --- [restartedMain] org.apache.catalina.core.StandardEngine  : Starting Servlet engine: [Apache Tomcat/9.0.19]
2019-08-19 00:19:26.868  INFO 764 --- [restartedMain] o.a.c.c.C.[Tomcat].[localhost].[/]       : Initializing Spring embedded WebApplicationContext
2019-08-19 00:19:26.868  INFO 764 --- [restartedMain] o.s.web.context.ContextLoader            : Root WebApplicationContext: initialization completed in 4137 ms
2019-08-19 00:19:27.098  INFO 764 --- [restartedMain] com.zaxxer.hikari.HikariDataSource       : HikariPool-1 - Starting...
2019-08-19 00:19:27.100  WARN 764 --- [restartedMain] com.zaxxer.hikari.util.DriverDataSource  : Registered driver with driverClassName=com.mysql.jdbc.Driver was not found, trying direct instantiation.
2019-08-19 00:19:27.294  INFO 764 --- [restartedMain] com.zaxxer.hikari.HikariDataSource       : HikariPool-1 - Start completed.
2019-08-19 00:19:27.362  INFO 764 --- [restartedMain] o.hibernate.jpa.internal.util.LogHelper  : HHH000204: Processing PersistenceUnitInfo [
	name: default
	...]
2019-08-19 00:19:27.461  INFO 764 --- [restartedMain] org.hibernate.Version                    : HHH000412: Hibernate Core {5.3.10.Final}
2019-08-19 00:19:27.463  INFO 764 --- [restartedMain] org.hibernate.cfg.Environment            : HHH000206: hibernate.properties not found
2019-08-19 00:19:27.639  INFO 764 --- [restartedMain] o.hibernate.annotations.common.Version   : HCANN000001: Hibernate Commons Annotations {5.0.4.Final}
2019-08-19 00:19:27.856  INFO 764 --- [restartedMain] org.hibernate.dialect.Dialect            : HHH000400: Using dialect: org.hibernate.dialect.MySQLDialect
2019-08-19 00:19:28.650  INFO 764 --- [restartedMain] j.LocalContainerEntityManagerFactoryBean : Initialized JPA EntityManagerFactory for persistence unit 'default'
2019-08-19 00:19:29.381  INFO 764 --- [restartedMain] org.mongodb.driver.cluster               : Cluster created with settings {hosts=[localhost:27017], mode=MULTIPLE, requiredClusterType=UNKNOWN, serverSelectionTimeout='30000 ms', maxWaitQueueSize=500}
2019-08-19 00:19:29.382  INFO 764 --- [restartedMain] org.mongodb.driver.cluster               : Adding discovered server localhost:27017 to client view of cluster
2019-08-19 00:19:29.472  INFO 764 --- [cluster-ClusterId{value='5d5988a18a043802fc788af9', description='null'}-localhost:27017] org.mongodb.driver.connection            : Opened connection [connectionId{localValue:1, serverValue:171}] to localhost:27017
2019-08-19 00:19:29.478  INFO 764 --- [cluster-ClusterId{value='5d5988a18a043802fc788af9', description='null'}-localhost:27017] org.mongodb.driver.cluster               : Monitor thread successfully connected to server with description ServerDescription{address=localhost:27017, type=STANDALONE, state=CONNECTED, ok=true, version=ServerVersion{versionList=[4, 0, 9]}, minWireVersion=0, maxWireVersion=7, maxDocumentSize=16777216, logicalSessionTimeoutMinutes=30, roundTripTimeNanos=3263807}
2019-08-19 00:19:29.480  INFO 764 --- [cluster-ClusterId{value='5d5988a18a043802fc788af9', description='null'}-localhost:27017] org.mongodb.driver.cluster               : Discovered cluster type of STANDALONE
2019-08-19 00:19:29.636  INFO 764 --- [restartedMain] o.s.b.d.a.OptionalLiveReloadServer       : LiveReload server is running on port 35729
2019-08-19 00:19:29.996  INFO 764 --- [restartedMain] org.mongodb.driver.connection            : Opened connection [connectionId{localValue:2, serverValue:172}] to localhost:27017
2019-08-19 00:19:30.171  INFO 764 --- [restartedMain] o.h.h.i.QueryTranslatorFactoryInitiator  : HHH000397: Using ASTQueryTranslatorFactory
2019-08-19 00:19:30.436  WARN 764 --- [restartedMain] org.apache.velocity.deprecation          : configuration key 'class.resource.loader.class' has been deprecated in favor of 'resource.loader.class.class'
2019-08-19 00:19:30.437  WARN 764 --- [restartedMain] org.apache.velocity.deprecation          : configuration key 'resource.loader' has been deprecated in favor of 'resource.loaders'
2019-08-19 00:19:30.560  INFO 764 --- [restartedMain] o.s.s.c.ThreadPoolTaskScheduler          : Initializing ExecutorService 'taskScheduler'
2019-08-19 00:19:30.717  INFO 764 --- [restartedMain] o.s.s.web.DefaultSecurityFilterChain     : Creating filter chain: Ant [pattern='/css/**'], []
2019-08-19 00:19:30.718  INFO 764 --- [restartedMain] o.s.s.web.DefaultSecurityFilterChain     : Creating filter chain: Ant [pattern='/js/**'], []
2019-08-19 00:19:30.718  INFO 764 --- [restartedMain] o.s.s.web.DefaultSecurityFilterChain     : Creating filter chain: Ant [pattern='/images/**'], []
2019-08-19 00:19:30.775  INFO 764 --- [restartedMain] o.s.s.web.DefaultSecurityFilterChain     : Creating filter chain: any request, [org.springframework.security.web.context.request.async.WebAsyncManagerIntegrationFilter@45cad5b7, org.springframework.security.web.context.SecurityContextPersistenceFilter@177b2c39, org.springframework.security.web.header.HeaderWriterFilter@20259c14, org.springframework.web.filter.CorsFilter@707a2603, org.springframework.security.web.csrf.CsrfFilter@1e00cd06, org.springframework.security.web.authentication.logout.LogoutFilter@2382908b, org.springframework.security.web.authentication.UsernamePasswordAuthenticationFilter@23faf4a1, org.springframework.security.web.savedrequest.RequestCacheAwareFilter@73328f3, org.springframework.security.web.servletapi.SecurityContextHolderAwareRequestFilter@1870c6aa, org.springframework.security.web.authentication.AnonymousAuthenticationFilter@175a7067, org.springframework.security.web.session.SessionManagementFilter@4af627c6, org.springframework.security.web.access.ExceptionTranslationFilter@329729f1, org.springframework.security.web.access.intercept.FilterSecurityInterceptor@27525007]
2019-08-19 00:19:31.057  INFO 764 --- [restartedMain] o.s.s.concurrent.ThreadPoolTaskExecutor  : Initializing ExecutorService 'applicationTaskExecutor'
2019-08-19 00:19:31.114  WARN 764 --- [restartedMain] aWebConfiguration$JpaWebMvcConfiguration : spring.jpa.open-in-view is enabled by default. Therefore, database queries may be performed during view rendering. Explicitly configure spring.jpa.open-in-view to disable this warning
2019-08-19 00:19:31.252  WARN 764 --- [restartedMain] org.thymeleaf.templatemode.TemplateMode  : [THYMELEAF][restartedMain] Template Mode 'HTML5' is deprecated. Using Template Mode 'HTML' instead.
2019-08-19 00:19:31.558  INFO 764 --- [restartedMain] o.s.b.a.w.s.WelcomePageHandlerMapping    : Adding welcome page template: index
2019-08-19 00:19:31.767  INFO 764 --- [restartedMain] o.s.b.w.embedded.tomcat.TomcatWebServer  : Tomcat started on port(s): 8081 (http) with context path ''
2019-08-19 00:19:31.770  INFO 764 --- [restartedMain] com.demo.Application                     : Started Application in 9.926 seconds (JVM running for 11.812)
2019-08-19 00:19:35.765  INFO 764 --- [http-nio-8081-exec-1] o.a.c.c.C.[Tomcat].[localhost].[/]       : Initializing Spring DispatcherServlet 'dispatcherServlet'
2019-08-19 00:19:35.766  INFO 764 --- [http-nio-8081-exec-1] o.s.web.servlet.DispatcherServlet        : Initializing Servlet 'dispatcherServlet'
2019-08-19 00:19:35.779  INFO 764 --- [http-nio-8081-exec-1] o.s.web.servlet.DispatcherServlet        : Completed initialization in 13 ms
2019-08-19 00:21:31.501  INFO 764 --- [Thread-29] o.s.s.concurrent.ThreadPoolTaskExecutor  : Shutting down ExecutorService 'applicationTaskExecutor'
2019-08-19 00:21:31.503  INFO 764 --- [Thread-29] o.s.s.c.ThreadPoolTaskScheduler          : Shutting down ExecutorService 'taskScheduler'
2019-08-19 00:21:31.512  INFO 764 --- [Thread-29] org.mongodb.driver.connection            : Closed connection [connectionId{localValue:2, serverValue:172}] to localhost:27017 because the pool has been closed.
2019-08-19 00:21:31.517  INFO 764 --- [Thread-29] j.LocalContainerEntityManagerFactoryBean : Closing JPA EntityManagerFactory for persistence unit 'default'
2019-08-19 00:21:31.521  INFO 764 --- [Thread-29] com.zaxxer.hikari.HikariDataSource       : HikariPool-1 - Shutdown initiated...
2019-08-19 00:21:31.535  INFO 764 --- [Thread-29] com.zaxxer.hikari.HikariDataSource       : HikariPool-1 - Shutdown completed.
